\BOOKMARK [0][-]{chapter.1}{\376\377\000H\000W\000-\000T\0004\000-\0005\0000\000F\000\040\000u\000s\000e\000r\000\040\000m\000a\000n\000u\000a\000l}{}% 1
\BOOKMARK [1][-]{section.1.1}{\376\377\000I\000n\000t\000r\000o\000d\000u\000c\000t\000i\000o\000n\000\040\000t\000o\000\040\000t\000h\000e\000\040\000H\000W\000-\000T\0004\000-\0005\0000\000F}{chapter.1}% 2
\BOOKMARK [2][-]{subsection.1.1.1}{\376\377\000H\000a\000r\000d\000w\000a\000r\000e\000\040\000o\000v\000e\000r\000v\000i\000e\000w}{section.1.1}% 3
\BOOKMARK [1][-]{section.1.2}{\376\377\000T\000e\000r\000m\000i\000n\000o\000l\000o\000g\000y}{chapter.1}% 4
\BOOKMARK [1][-]{section.1.3}{\376\377\000R\000e\000l\000e\000v\000a\000n\000t\000\040\000p\000r\000o\000d\000u\000c\000t\000\040\000s\000p\000e\000c\000i\000f\000i\000c\000a\000t\000i\000o\000n\000s}{chapter.1}% 5
\BOOKMARK [2][-]{subsection.1.3.1}{\376\377\000R\000e\000l\000e\000v\000a\000n\000t\000\040\000p\000r\000o\000d\000u\000c\000t\000\040\000s\000p\000e\000c\000i\000f\000i\000c\000a\000t\000i\000o\000n\000s\000\040\000t\000a\000b\000l\000e}{section.1.3}% 6
\BOOKMARK [2][-]{subsection.1.3.2}{\376\377\000S\000p\000e\000c\000i\000f\000i\000c\000a\000t\000i\000o\000n\000\040\000d\000e\000t\000a\000i\000l\000s}{section.1.3}% 7
\BOOKMARK [1][-]{section.1.4}{\376\377\000I\000n\000t\000e\000r\000f\000a\000c\000i\000n\000g\000\040\000w\000i\000t\000h\000\040\000t\000h\000e\000\040\000m\000a\000c\000h\000i\000n\000e}{chapter.1}% 8
\BOOKMARK [2][-]{subsection.1.4.1}{\376\377\000F\000r\000o\000n\000t\000\040\000c\000o\000n\000t\000r\000o\000l\000s}{section.1.4}% 9
\BOOKMARK [2][-]{subsection.1.4.2}{\376\377\000H\000u\000m\000a\000n\000\040\000M\000a\000c\000h\000i\000n\000e\000\040\000I\000n\000t\000e\000r\000f\000a\000c\000e}{section.1.4}% 10
\BOOKMARK [1][-]{section.1.5}{\376\377\000I\000n\000t\000r\000o\000d\000u\000c\000t\000i\000o\000n\000\040\000t\000o\000\040\000t\000h\000e\000\040\000s\000o\000f\000t\000w\000a\000r\000e}{chapter.1}% 11
\BOOKMARK [1][-]{section.1.6}{\376\377\000R\000e\000g\000i\000s\000t\000r\000a\000t\000i\000o\000n\000\040\000a\000n\000d\000\040\000s\000o\000f\000t\000w\000a\000r\000e\000\040\000u\000p\000d\000a\000t\000e\000s}{chapter.1}% 12
\BOOKMARK [1][-]{section.1.7}{\376\377\000P\000i\000c\000k\000\040\000a\000n\000d\000\040\000P\000l\000a\000c\000e\000\040\000m\000o\000d\000e\000s}{chapter.1}% 13
\BOOKMARK [1][-]{section.1.8}{\376\377\000P\000i\000c\000k\000\040\000a\000n\000d\000\040\000p\000l\000a\000c\000e\000\040\000f\000i\000l\000e\000s}{chapter.1}% 14
\BOOKMARK [1][-]{section.1.9}{\376\377\000F\000i\000d\000u\000c\000i\000a\000l\000\040\000m\000a\000r\000k\000s\000\040\000a\000n\000d\000\040\000c\000a\000l\000i\000b\000r\000a\000t\000i\000o\000n}{chapter.1}% 15
\BOOKMARK [2][-]{subsection.1.9.1}{\376\377\000C\000a\000l\000i\000b\000r\000a\000t\000i\000n\000g\000\040\000a\000\040\000P\000C\000B}{section.1.9}% 16
\BOOKMARK [2][-]{subsection.1.9.2}{\376\377\000C\000a\000l\000i\000b\000r\000a\000t\000i\000n\000g\000\040\000c\000o\000u\000p\000l\000e\000d\000\040\000P\000C\000B\000\040\000a\000r\000r\000a\000y\000s}{section.1.9}% 17
\BOOKMARK [2][-]{subsection.1.9.3}{\376\377\000W\000o\000r\000k\000i\000n\000g\000\040\000w\000i\000t\000h\000\040\000n\000o\000n\000\040\000c\000o\000u\000p\000l\000e\000d\000\040\000P\000C\000B\000\040\000a\000r\000r\000a\000y\000s}{section.1.9}% 18
\BOOKMARK [2][-]{subsection.1.9.4}{\376\377\000M\000a\000r\000k\000\040\000c\000a\000l\000i\000b\000r\000a\000t\000i\000o\000n}{section.1.9}% 19
\BOOKMARK [1][-]{section.1.10}{\376\377\000F\000e\000e\000d\000e\000r\000\040\000s\000e\000t\000u\000p\000\040\000a\000n\000d\000\040\000c\000a\000l\000i\000b\000r\000a\000t\000i\000o\000n}{chapter.1}% 20
\BOOKMARK [2][-]{subsection.1.10.1}{\376\377\000H\000o\000w\000\040\000t\000o\000\040\000s\000e\000t\000u\000p\000\040\000a\000\040\000t\000a\000p\000e\000\040\000f\000e\000e\000d\000e\000r\000s}{section.1.10}% 21
\BOOKMARK [2][-]{subsection.1.10.2}{\376\377\000F\000e\000e\000d\000e\000r\000\040\000c\000o\000n\000t\000r\000o\000l\000s}{section.1.10}% 22
\BOOKMARK [2][-]{subsection.1.10.3}{\376\377\000F\000e\000e\000d\000e\000r\000\040\000o\000p\000t\000i\000m\000i\000z\000a\000t\000i\000o\000n}{section.1.10}% 23
\BOOKMARK [2][-]{subsection.1.10.4}{\376\377\000F\000e\000e\000d\000e\000r\000\040\000c\000a\000l\000i\000b\000r\000a\000t\000i\000o\000n}{section.1.10}% 24
\BOOKMARK [2][-]{subsection.1.10.5}{\376\377\000C\000a\000l\000i\000b\000r\000a\000t\000i\000n\000g\000\040\000P\000C\000B\000\040\000h\000e\000i\000g\000h\000t}{section.1.10}% 25
\BOOKMARK [2][-]{subsection.1.10.6}{\376\377\000R\000u\000n\000n\000i\000n\000g\000\040\000j\000o\000b\000s}{section.1.10}% 26
\BOOKMARK [1][-]{section.1.11}{\376\377\000T\000r\000o\000u\000b\000l\000e\000s\000h\000o\000o\000t\000i\000n\000g}{chapter.1}% 27
\BOOKMARK [1][-]{section.1.12}{\376\377\000C\000a\000l\000i\000b\000r\000a\000t\000i\000o\000n\000\040\000a\000n\000d\000\040\000d\000r\000i\000f\000t\000\040\000c\000o\000r\000r\000e\000c\000t\000i\000o\000n}{chapter.1}% 28
\BOOKMARK [2][-]{subsection.1.12.1}{\376\377\000N\000o\000z\000z\000l\000e\000\040\000D\000e\000l\000t\000a\000\040\000c\000a\000l\000i\000b\000r\000a\000t\000i\000o\000n}{section.1.12}% 29
\BOOKMARK [2][-]{subsection.1.12.2}{\376\377\000H\000i\000g\000h\000\040\000C\000a\000m\000/\000F\000a\000s\000t\000\040\000C\000a\000m\000\040\000c\000a\000l\000i\000b\000r\000a\000t\000i\000o\000n}{section.1.12}% 30
