This is LuaHBTeX, Version 1.14.0 (TeX Live 2022/dev/Debian)  (format=lualatex 2024.3.15)  22 JUN 2024 13:55
 restricted system commands enabled.
**HW-T4-50F_user_guide.tex
(./HW-T4-50F_user_guide.tex
LaTeX2e <2021-11-15> patch level 1
Lua module: luaotfload 2021-05-21 3.18 Lua based OpenType font support
Lua module: lualibs 2021-05-20 2.74 ConTeXt Lua standard libraries.
Lua module: lualibs-extended 2021-05-20 2.74 ConTeXt Lua libraries -- extended c
ollection.
luaotfload | conf : Root cache directory is "/home/abdellah/.texlive2021/texmf-v
ar/luatex-cache/generic/names".
luaotfload | init : Loading fontloader "fontloader-2021-05-20.lua" from kpse-res
olved path "/usr/share/texlive/texmf-dist/tex/luatex/luaotfload/fontloader-2021-
05-20.lua".
Lua-only attribute luaotfload@noligature = 1
Lua-only attribute luaotfload@syllabe = 2
luaotfload | init : Context OpenType loader version 3.116
Inserting `luaotfload.node_processor' at position 1 in `pre_linebreak_filter'.
Inserting `luaotfload.node_processor' at position 1 in `hpack_filter'.
Inserting `luaotfload.glyph_stream' at position 1 in `glyph_stream_provider'.
Inserting `luaotfload.define_font' at position 1 in `define_font'.
Lua-only attribute luaotfload_color_attribute = 3
luaotfload | conf : Root cache directory is "/home/abdellah/.texlive2021/texmf-v
ar/luatex-cache/generic/names".
Inserting `luaotfload.harf.strip_prefix' at position 1 in `find_opentype_file'.
Inserting `luaotfload.harf.strip_prefix' at position 1 in `find_truetype_file'.
Inserting `luaotfload.harf.finalize_vlist' at position 1 in `post_linebreak_filt
er'.
Inserting `luaotfload.harf.finalize_hlist' at position 2 in `hpack_filter'.
Inserting `luaotfload.cleanup_files' at position 1 in `wrapup_run'.
Inserting `luaotfload.harf.finalize_unicode' at position 1 in `finish_pdffile'.
Inserting `luaotfload.glyphinfo' at position 1 in `glyph_info'.
Lua-only attribute luaotfload.letterspace_done = 4
Inserting `luaotfload.aux.set_sscale_dimens' at position 1 in `luaotfload.patch_
font'.
Inserting `luaotfload.aux.set_font_index' at position 2 in `luaotfload.patch_fon
t'.
Inserting `luaotfload.aux.patch_cambria_domh' at position 3 in `luaotfload.patch
_font'.
Inserting `luaotfload.aux.fixup_fontdata' at position 1 in `luaotfload.patch_fon
t_unsafe'.
Inserting `luaotfload.aux.set_capheight' at position 4 in `luaotfload.patch_font
'.
Inserting `luaotfload.aux.set_xheight' at position 5 in `luaotfload.patch_font'.
Inserting `luaotfload.rewrite_fontname' at position 6 in `luaotfload.patch_font'
. L3 programming layer <2022-01-21>
Inserting `tracingstacklevels' at position 1 in `input_level_string'.
(/usr/share/texlive/texmf-dist/tex/latex/base/report.cls
Document Class: report 2021/10/04 v1.4n Standard LaTeX document class
(/usr/share/texlive/texmf-dist/tex/latex/base/size10.clo
File: size10.clo 2021/10/04 v1.4n Standard LaTeX file (size option)
luaotfload | db : Font names database loaded from /home/abdellah/.texlive2021/te
xmf-var/luatex-cache/generic/names/luaotfload-names.luc)
\c@part=\count183
\c@chapter=\count184
\c@section=\count185
\c@subsection=\count186
\c@subsubsection=\count187
\c@paragraph=\count188
\c@subparagraph=\count189
\c@figure=\count190
\c@table=\count191
\abovecaptionskip=\skip47
\belowcaptionskip=\skip48
\bibindent=\dimen137
)
(/usr/share/texlive/texmf-dist/tex/latex/base/inputenc.sty
Package: inputenc 2021/02/14 v1.3d Input encoding file
\inpenc@prehook=\toks16
\inpenc@posthook=\toks17


Package inputenc Warning: inputenc package ignored with utf8 based engines.

) (/usr/share/texlive/texmf-dist/tex/latex/graphics/graphicx.sty
Package: graphicx 2021/09/16 v1.2d Enhanced LaTeX Graphics (DPC,SPQR)

(/usr/share/texlive/texmf-dist/tex/latex/graphics/keyval.sty
Package: keyval 2014/10/28 v1.15 key=value parser (DPC)
\KV@toks@=\toks18
)
(/usr/share/texlive/texmf-dist/tex/latex/graphics/graphics.sty
Package: graphics 2021/03/04 v1.4d Standard LaTeX Graphics (DPC,SPQR)

(/usr/share/texlive/texmf-dist/tex/latex/graphics/trig.sty
Package: trig 2021/08/11 v1.11 sin cos tan (DPC)
)
(/usr/share/texlive/texmf-dist/tex/latex/graphics-cfg/graphics.cfg
File: graphics.cfg 2016/06/04 v1.11 sample graphics configuration
)
Package graphics Info: Driver file: luatex.def on input line 107.

(/usr/share/texlive/texmf-dist/tex/latex/graphics-def/luatex.def
File: luatex.def 2021/06/01 v1.2c Graphics/color driver for luatex
))
\Gin@req@height=\dimen138
\Gin@req@width=\dimen139
)
(/usr/share/texlive/texmf-dist/tex/latex/tools/tabularx.sty
Package: tabularx 2020/01/15 v2.11c `tabularx' package (DPC)

(/usr/share/texlive/texmf-dist/tex/latex/tools/array.sty
Package: array 2021/10/04 v2.5f Tabular extension package (FMi)
\col@sep=\dimen140
\ar@mcellbox=\box50
\extrarowheight=\dimen141
\NC@list=\toks19
\extratabsurround=\skip49
\backup@length=\skip50
\ar@cellbox=\box51
)
\TX@col@width=\dimen142
\TX@old@table=\dimen143
\TX@old@col=\dimen144
\TX@target=\dimen145
\TX@delta=\dimen146
\TX@cols=\count192
\TX@ftn=\toks20
)
(/usr/share/texlive/texmf-dist/tex/latex/xcolor/xcolor.sty
Package: xcolor 2021/10/31 v2.13 LaTeX color extensions (UK)

(/usr/share/texlive/texmf-dist/tex/latex/graphics-cfg/color.cfg
File: color.cfg 2016/01/02 v1.6 sample color configuration
)
Package xcolor Info: Driver file: luatex.def on input line 227.

(/usr/share/texlive/texmf-dist/tex/latex/colortbl/colortbl.sty
Package: colortbl 2020/01/04 v1.0e Color table columns (DPC)
\everycr=\toks21
\minrowclearance=\skip51
)
\rownum=\count193
Package xcolor Info: Model `cmy' substituted by `cmy0' on input line 1352.
Package xcolor Info: Model `hsb' substituted by `rgb' on input line 1356.
Package xcolor Info: Model `RGB' extended on input line 1368.
Package xcolor Info: Model `HTML' substituted by `rgb' on input line 1370.
Package xcolor Info: Model `Hsb' substituted by `hsb' on input line 1371.
Package xcolor Info: Model `tHsb' substituted by `hsb' on input line 1372.
Package xcolor Info: Model `HSB' substituted by `hsb' on input line 1373.
Package xcolor Info: Model `Gray' substituted by `gray' on input line 1374.
Package xcolor Info: Model `wave' substituted by `hsb' on input line 1375.
)
(/usr/share/texlive/texmf-dist/tex/latex/background/background.sty
Package: background 2014/03/04 v2.1 background material

(/usr/share/texlive/texmf-dist/tex/latex/xkeyval/xkeyval.sty
Package: xkeyval 2020/11/20 v2.8 package option processing (HA)

(/usr/share/texlive/texmf-dist/tex/generic/xkeyval/xkeyval.tex
(/usr/share/texlive/texmf-dist/tex/generic/xkeyval/xkvutils.tex
\XKV@toks=\toks22
\XKV@tempa@toks=\toks23
)
\XKV@depth=\count194
File: xkeyval.tex 2014/12/03 v2.7a key=value parser (HA)
))
(/usr/share/texlive/texmf-dist/tex/latex/pgf/frontendlayer/tikz.sty
(/usr/share/texlive/texmf-dist/tex/latex/pgf/basiclayer/pgf.sty
(/usr/share/texlive/texmf-dist/tex/latex/pgf/utilities/pgfrcs.sty
(/usr/share/texlive/texmf-dist/tex/generic/pgf/utilities/pgfutil-common.tex
\pgfutil@everybye=\toks24
\pgfutil@tempdima=\dimen147
\pgfutil@tempdimb=\dimen148

(/usr/share/texlive/texmf-dist/tex/generic/pgf/utilities/pgfutil-common-lists.t
ex)) (/usr/share/texlive/texmf-dist/tex/generic/pgf/utilities/pgfutil-latex.def
\pgfutil@abb=\box52
) (/usr/share/texlive/texmf-dist/tex/generic/pgf/utilities/pgfrcs.code.tex
(/usr/share/texlive/texmf-dist/tex/generic/pgf/pgf.revision.tex)
Package: pgfrcs 2021/05/15 v3.1.9a (3.1.9a)
))
Package: pgf 2021/05/15 v3.1.9a (3.1.9a)

(/usr/share/texlive/texmf-dist/tex/latex/pgf/basiclayer/pgfcore.sty
(/usr/share/texlive/texmf-dist/tex/latex/pgf/systemlayer/pgfsys.sty
(/usr/share/texlive/texmf-dist/tex/generic/pgf/systemlayer/pgfsys.code.tex
Package: pgfsys 2021/05/15 v3.1.9a (3.1.9a)

(/usr/share/texlive/texmf-dist/tex/generic/pgf/utilities/pgfkeys.code.tex
\pgfkeys@pathtoks=\toks25
\pgfkeys@temptoks=\toks26

(/usr/share/texlive/texmf-dist/tex/generic/pgf/utilities/pgfkeysfiltered.code.t
ex
\pgfkeys@tmptoks=\toks27
))
\pgf@x=\dimen149
\pgf@y=\dimen150
\pgf@xa=\dimen151
\pgf@ya=\dimen152
\pgf@xb=\dimen153
\pgf@yb=\dimen154
\pgf@xc=\dimen155
\pgf@yc=\dimen156
\pgf@xd=\dimen157
\pgf@yd=\dimen158
\w@pgf@writea=\write3
\r@pgf@reada=\read2
\c@pgf@counta=\count195
\c@pgf@countb=\count196
\c@pgf@countc=\count197
\c@pgf@countd=\count198
\t@pgf@toka=\toks28
\t@pgf@tokb=\toks29
\t@pgf@tokc=\toks30
\pgf@sys@id@count=\count199
 (/usr/share/texlive/texmf-dist/tex/generic/pgf/systemlayer/pgf.cfg
File: pgf.cfg 2021/05/15 v3.1.9a (3.1.9a)
)
Driver file for pgf: pgfsys-luatex.def

(/usr/share/texlive/texmf-dist/tex/generic/pgf/systemlayer/pgfsys-luatex.def
File: pgfsys-luatex.def 2021/05/15 v3.1.9a (3.1.9a)

(/usr/share/texlive/texmf-dist/tex/generic/pgf/systemlayer/pgfsys-common-pdf.de
f
File: pgfsys-common-pdf.def 2021/05/15 v3.1.9a (3.1.9a)
)))
(/usr/share/texlive/texmf-dist/tex/generic/pgf/systemlayer/pgfsyssoftpath.code.
tex
File: pgfsyssoftpath.code.tex 2021/05/15 v3.1.9a (3.1.9a)
\pgfsyssoftpath@smallbuffer@items=\count266
\pgfsyssoftpath@bigbuffer@items=\count267
)
(/usr/share/texlive/texmf-dist/tex/generic/pgf/systemlayer/pgfsysprotocol.code.
tex
File: pgfsysprotocol.code.tex 2021/05/15 v3.1.9a (3.1.9a)
))
(/usr/share/texlive/texmf-dist/tex/generic/pgf/basiclayer/pgfcore.code.tex
Package: pgfcore 2021/05/15 v3.1.9a (3.1.9a)

(/usr/share/texlive/texmf-dist/tex/generic/pgf/math/pgfmath.code.tex
(/usr/share/texlive/texmf-dist/tex/generic/pgf/math/pgfmathcalc.code.tex
(/usr/share/texlive/texmf-dist/tex/generic/pgf/math/pgfmathutil.code.tex)
(/usr/share/texlive/texmf-dist/tex/generic/pgf/math/pgfmathparser.code.tex
\pgfmath@dimen=\dimen159
\pgfmath@count=\count268
\pgfmath@box=\box53
\pgfmath@toks=\toks31
\pgfmath@stack@operand=\toks32
\pgfmath@stack@operation=\toks33
)
(/usr/share/texlive/texmf-dist/tex/generic/pgf/math/pgfmathfunctions.code.tex
(/usr/share/texlive/texmf-dist/tex/generic/pgf/math/pgfmathfunctions.basic.code
.tex)
(/usr/share/texlive/texmf-dist/tex/generic/pgf/math/pgfmathfunctions.trigonomet
ric.code.tex)
(/usr/share/texlive/texmf-dist/tex/generic/pgf/math/pgfmathfunctions.random.cod
e.tex)
(/usr/share/texlive/texmf-dist/tex/generic/pgf/math/pgfmathfunctions.comparison
.code.tex)
(/usr/share/texlive/texmf-dist/tex/generic/pgf/math/pgfmathfunctions.base.code.
tex)
(/usr/share/texlive/texmf-dist/tex/generic/pgf/math/pgfmathfunctions.round.code
.tex)
(/usr/share/texlive/texmf-dist/tex/generic/pgf/math/pgfmathfunctions.misc.code.
tex)
(/usr/share/texlive/texmf-dist/tex/generic/pgf/math/pgfmathfunctions.integerari
thmetics.code.tex)))
(/usr/share/texlive/texmf-dist/tex/generic/pgf/math/pgfmathfloat.code.tex
\c@pgfmathroundto@lastzeros=\count269
))
(/usr/share/texlive/texmf-dist/tex/generic/pgf/math/pgfint.code.tex)
(/usr/share/texlive/texmf-dist/tex/generic/pgf/basiclayer/pgfcorepoints.code.te
x
File: pgfcorepoints.code.tex 2021/05/15 v3.1.9a (3.1.9a)
\pgf@picminx=\dimen160
\pgf@picmaxx=\dimen161
\pgf@picminy=\dimen162
\pgf@picmaxy=\dimen163
\pgf@pathminx=\dimen164
\pgf@pathmaxx=\dimen165
\pgf@pathminy=\dimen166
\pgf@pathmaxy=\dimen167
\pgf@xx=\dimen168
\pgf@xy=\dimen169
\pgf@yx=\dimen170
\pgf@yy=\dimen171
\pgf@zx=\dimen172
\pgf@zy=\dimen173
)
(/usr/share/texlive/texmf-dist/tex/generic/pgf/basiclayer/pgfcorepathconstruct.
code.tex
File: pgfcorepathconstruct.code.tex 2021/05/15 v3.1.9a (3.1.9a)
\pgf@path@lastx=\dimen174
\pgf@path@lasty=\dimen175
)
(/usr/share/texlive/texmf-dist/tex/generic/pgf/basiclayer/pgfcorepathusage.code
.tex
File: pgfcorepathusage.code.tex 2021/05/15 v3.1.9a (3.1.9a)
\pgf@shorten@end@additional=\dimen176
\pgf@shorten@start@additional=\dimen177
)
(/usr/share/texlive/texmf-dist/tex/generic/pgf/basiclayer/pgfcorescopes.code.te
x
File: pgfcorescopes.code.tex 2021/05/15 v3.1.9a (3.1.9a)
\pgfpic=\box54
\pgf@hbox=\box55
\pgf@layerbox@main=\box56
\pgf@picture@serial@count=\count270
)
(/usr/share/texlive/texmf-dist/tex/generic/pgf/basiclayer/pgfcoregraphicstate.c
ode.tex
File: pgfcoregraphicstate.code.tex 2021/05/15 v3.1.9a (3.1.9a)
\pgflinewidth=\dimen178
)
(/usr/share/texlive/texmf-dist/tex/generic/pgf/basiclayer/pgfcoretransformation
s.code.tex
File: pgfcoretransformations.code.tex 2021/05/15 v3.1.9a (3.1.9a)
\pgf@pt@x=\dimen179
\pgf@pt@y=\dimen180
\pgf@pt@temp=\dimen181
)
(/usr/share/texlive/texmf-dist/tex/generic/pgf/basiclayer/pgfcorequick.code.tex
File: pgfcorequick.code.tex 2021/05/15 v3.1.9a (3.1.9a)
)
(/usr/share/texlive/texmf-dist/tex/generic/pgf/basiclayer/pgfcoreobjects.code.t
ex
File: pgfcoreobjects.code.tex 2021/05/15 v3.1.9a (3.1.9a)
)
(/usr/share/texlive/texmf-dist/tex/generic/pgf/basiclayer/pgfcorepathprocessing
.code.tex
File: pgfcorepathprocessing.code.tex 2021/05/15 v3.1.9a (3.1.9a)
)
(/usr/share/texlive/texmf-dist/tex/generic/pgf/basiclayer/pgfcorearrows.code.te
x
File: pgfcorearrows.code.tex 2021/05/15 v3.1.9a (3.1.9a)
\pgfarrowsep=\dimen182
)
(/usr/share/texlive/texmf-dist/tex/generic/pgf/basiclayer/pgfcoreshade.code.tex
File: pgfcoreshade.code.tex 2021/05/15 v3.1.9a (3.1.9a)
\pgf@max=\dimen183
\pgf@sys@shading@range@num=\count271
\pgf@shadingcount=\count272
)
(/usr/share/texlive/texmf-dist/tex/generic/pgf/basiclayer/pgfcoreimage.code.tex
File: pgfcoreimage.code.tex 2021/05/15 v3.1.9a (3.1.9a)

(/usr/share/texlive/texmf-dist/tex/generic/pgf/basiclayer/pgfcoreexternal.code.
tex
File: pgfcoreexternal.code.tex 2021/05/15 v3.1.9a (3.1.9a)
\pgfexternal@startupbox=\box57
))
(/usr/share/texlive/texmf-dist/tex/generic/pgf/basiclayer/pgfcorelayers.code.te
x
File: pgfcorelayers.code.tex 2021/05/15 v3.1.9a (3.1.9a)
)
(/usr/share/texlive/texmf-dist/tex/generic/pgf/basiclayer/pgfcoretransparency.c
ode.tex
File: pgfcoretransparency.code.tex 2021/05/15 v3.1.9a (3.1.9a)
)
(/usr/share/texlive/texmf-dist/tex/generic/pgf/basiclayer/pgfcorepatterns.code.
tex
File: pgfcorepatterns.code.tex 2021/05/15 v3.1.9a (3.1.9a)
)
(/usr/share/texlive/texmf-dist/tex/generic/pgf/basiclayer/pgfcorerdf.code.tex
File: pgfcorerdf.code.tex 2021/05/15 v3.1.9a (3.1.9a)
)))
(/usr/share/texlive/texmf-dist/tex/generic/pgf/modules/pgfmoduleshapes.code.tex
File: pgfmoduleshapes.code.tex 2021/05/15 v3.1.9a (3.1.9a)
\pgfnodeparttextbox=\box58
) (/usr/share/texlive/texmf-dist/tex/generic/pgf/modules/pgfmoduleplot.code.tex
File: pgfmoduleplot.code.tex 2021/05/15 v3.1.9a (3.1.9a)
)
(/usr/share/texlive/texmf-dist/tex/latex/pgf/compatibility/pgfcomp-version-0-65
.sty
Package: pgfcomp-version-0-65 2021/05/15 v3.1.9a (3.1.9a)
\pgf@nodesepstart=\dimen184
\pgf@nodesepend=\dimen185
)
(/usr/share/texlive/texmf-dist/tex/latex/pgf/compatibility/pgfcomp-version-1-18
.sty
Package: pgfcomp-version-1-18 2021/05/15 v3.1.9a (3.1.9a)
)) (/usr/share/texlive/texmf-dist/tex/latex/pgf/utilities/pgffor.sty
(/usr/share/texlive/texmf-dist/tex/latex/pgf/utilities/pgfkeys.sty
(/usr/share/texlive/texmf-dist/tex/generic/pgf/utilities/pgfkeys.code.tex))
(/usr/share/texlive/texmf-dist/tex/latex/pgf/math/pgfmath.sty
(/usr/share/texlive/texmf-dist/tex/generic/pgf/math/pgfmath.code.tex))
(/usr/share/texlive/texmf-dist/tex/generic/pgf/utilities/pgffor.code.tex
Package: pgffor 2021/05/15 v3.1.9a (3.1.9a)

(/usr/share/texlive/texmf-dist/tex/generic/pgf/math/pgfmath.code.tex)
\pgffor@iter=\dimen186
\pgffor@skip=\dimen187
\pgffor@stack=\toks34
\pgffor@toks=\toks35
))
(/usr/share/texlive/texmf-dist/tex/generic/pgf/frontendlayer/tikz/tikz.code.tex
Package: tikz 2021/05/15 v3.1.9a (3.1.9a)

(/usr/share/texlive/texmf-dist/tex/generic/pgf/libraries/pgflibraryplothandlers
.code.tex
File: pgflibraryplothandlers.code.tex 2021/05/15 v3.1.9a (3.1.9a)
\pgf@plot@mark@count=\count273
\pgfplotmarksize=\dimen188
)
\tikz@lastx=\dimen189
\tikz@lasty=\dimen190
\tikz@lastxsaved=\dimen191
\tikz@lastysaved=\dimen192
\tikz@lastmovetox=\dimen193
\tikz@lastmovetoy=\dimen194
\tikzleveldistance=\dimen195
\tikzsiblingdistance=\dimen196
\tikz@figbox=\box59
\tikz@figbox@bg=\box60
\tikz@tempbox=\box61
\tikz@tempbox@bg=\box62
\tikztreelevel=\count274
\tikznumberofchildren=\count275
\tikznumberofcurrentchild=\count276
\tikz@fig@count=\count277

(/usr/share/texlive/texmf-dist/tex/generic/pgf/modules/pgfmodulematrix.code.tex
File: pgfmodulematrix.code.tex 2021/05/15 v3.1.9a (3.1.9a)
\pgfmatrixcurrentrow=\count278
\pgfmatrixcurrentcolumn=\count279
\pgf@matrix@numberofcolumns=\count280
)
\tikz@expandcount=\count281

(/usr/share/texlive/texmf-dist/tex/generic/pgf/frontendlayer/tikz/libraries/tik
zlibrarytopaths.code.tex
File: tikzlibrarytopaths.code.tex 2021/05/15 v3.1.9a (3.1.9a)
)))
(/usr/share/texlive/texmf-dist/tex/latex/everypage/everypage.sty
Package: everypage 2020/10/17 R2.0b Hooks to run on every page


Package everypage Warning: Functionality similar to this package has recently
(everypage)                been implemented in LaTeX. This package is now in
(everypage)                legacy status.
(everypage)                Please, don't use it in new documents and packages.


Package everypage Warning: You appear to be running a version of LaTeX
(everypage)                providing the new functionality.
(everypage)                Doing the best to deliver the original `everypage`
(everypage)                interface on top of it. Strict equivalence is
(everypage)                not possible, breakage may occur.
(everypage)                If truly needed, Use `everypage-1x` to force the
(everypage)                loading of an older code base.

) (/usr/share/texlive/texmf-dist/tex/latex/tools/afterpage.sty
Package: afterpage 2014/10/28 v1.08 After-Page Package (DPC)
\AP@output=\toks36
\AP@partial=\box63
\AP@footins=\box64
))
(/usr/share/texlive/texmf-dist/tex/latex/fontspec/fontspec.sty
(/usr/share/texlive/texmf-dist/tex/latex/l3packages/xparse/xparse.sty
(/usr/share/texlive/texmf-dist/tex/latex/l3kernel/expl3.sty
Package: expl3 2022-01-21 L3 programming layer (loader) 

(/usr/share/texlive/texmf-dist/tex/latex/l3backend/l3backend-luatex.def
File: l3backend-luatex.def 2022-01-12 L3 backend support: PDF output (LuaTeX)
\l__color_backend_stack_int=\count282
\l__pdf_internal_box=\box65
))
Package: xparse 2022-01-12 L3 Experimental document command parser
)
Package: fontspec 2022/01/15 v2.8a Font selection for XeLaTeX and LuaLaTeX
Lua module: fontspec 2022/01/15 2.8a Font selection for XeLaTeX and LuaLaTeX
(/usr/share/texlive/texmf-dist/tex/latex/fontspec/fontspec-luatex.sty
Package: fontspec-luatex 2022/01/15 v2.8a Font selection for XeLaTeX and LuaLaT
eX
\l__fontspec_script_int=\count283
\l__fontspec_language_int=\count284
\l__fontspec_strnum_int=\count285
\l__fontspec_tmp_int=\count286
\l__fontspec_tmpa_int=\count287
\l__fontspec_tmpb_int=\count288
\l__fontspec_tmpc_int=\count289
\l__fontspec_em_int=\count290
\l__fontspec_emdef_int=\count291
\l__fontspec_strong_int=\count292
\l__fontspec_strongdef_int=\count293
\l__fontspec_tmpa_dim=\dimen197
\l__fontspec_tmpb_dim=\dimen198
\l__fontspec_tmpc_dim=\dimen199

(/usr/share/texlive/texmf-dist/tex/latex/base/fontenc.sty
Package: fontenc 2021/04/29 v2.0v Standard LaTeX package
)
(/usr/share/texlive/texmf-dist/tex/latex/fontspec/fontspec.cfg)))
(/usr/share/texlive/texmf-dist/tex/latex/hyperref/hyperref.sty
Package: hyperref 2021-06-07 v7.00m Hypertext links for LaTeX

(/usr/share/texlive/texmf-dist/tex/generic/ltxcmds/ltxcmds.sty
Package: ltxcmds 2020-05-10 v1.25 LaTeX kernel commands for general use (HO)
)
(/usr/share/texlive/texmf-dist/tex/generic/iftex/iftex.sty
Package: iftex 2020/03/06 v1.0d TeX engine tests
)
(/usr/share/texlive/texmf-dist/tex/generic/pdftexcmds/pdftexcmds.sty
Package: pdftexcmds 2020-06-27 v0.33 Utility functions of pdfTeX for LuaTeX (HO
)

(/usr/share/texlive/texmf-dist/tex/generic/infwarerr/infwarerr.sty
Package: infwarerr 2019/12/03 v1.5 Providing info/warning/error messages (HO)
)
Package pdftexcmds Info: \pdf@primitive is available.
Package pdftexcmds Info: \pdf@ifprimitive is available.
Package pdftexcmds Info: \pdfdraftmode found.
\pdftexcmds@toks=\toks37
)
(/usr/share/texlive/texmf-dist/tex/generic/kvsetkeys/kvsetkeys.sty
Package: kvsetkeys 2019/12/15 v1.18 Key value parser (HO)
)
(/usr/share/texlive/texmf-dist/tex/generic/kvdefinekeys/kvdefinekeys.sty
Package: kvdefinekeys 2019-12-19 v1.6 Define keys (HO)
)
(/usr/share/texlive/texmf-dist/tex/generic/pdfescape/pdfescape.sty
Package: pdfescape 2019/12/09 v1.15 Implements pdfTeX's escape features (HO)
)
(/usr/share/texlive/texmf-dist/tex/latex/hycolor/hycolor.sty
Package: hycolor 2020-01-27 v1.10 Color options for hyperref/bookmark (HO)
)
(/usr/share/texlive/texmf-dist/tex/latex/letltxmacro/letltxmacro.sty
Package: letltxmacro 2019/12/03 v1.6 Let assignment for LaTeX macros (HO)
)
(/usr/share/texlive/texmf-dist/tex/latex/auxhook/auxhook.sty
Package: auxhook 2019-12-17 v1.6 Hooks for auxiliary files (HO)
)
(/usr/share/texlive/texmf-dist/tex/latex/kvoptions/kvoptions.sty
Package: kvoptions 2020-10-07 v3.14 Key value format for package options (HO)
)
\@linkdim=\dimen256
\Hy@linkcounter=\count294
\Hy@pagecounter=\count295

(/usr/share/texlive/texmf-dist/tex/latex/hyperref/pd1enc.def
File: pd1enc.def 2021-06-07 v7.00m Hyperref: PDFDocEncoding definition (HO)
)
(/usr/share/texlive/texmf-dist/tex/latex/hyperref/hyperref-langpatches.def
File: hyperref-langpatches.def 2021-06-07 v7.00m Hyperref: patches for babel la
nguages
)
(/usr/share/texlive/texmf-dist/tex/generic/intcalc/intcalc.sty
Package: intcalc 2019/12/15 v1.3 Expandable calculations with integers (HO)
)
(/usr/share/texlive/texmf-dist/tex/generic/etexcmds/etexcmds.sty
Package: etexcmds 2019/12/15 v1.7 Avoid name clashes with e-TeX commands (HO)
)
\Hy@SavedSpaceFactor=\count296

(/usr/share/texlive/texmf-dist/tex/latex/hyperref/puenc.def
File: puenc.def 2021-06-07 v7.00m Hyperref: PDF Unicode definition (HO)
)
Package hyperref Info: Hyper figures OFF on input line 4192.
Package hyperref Info: Link nesting OFF on input line 4197.
Package hyperref Info: Hyper index ON on input line 4200.
Package hyperref Info: Plain pages OFF on input line 4207.
Package hyperref Info: Backreferencing OFF on input line 4212.
Package hyperref Info: Implicit mode ON; LaTeX internals redefined.
Package hyperref Info: Bookmarks ON on input line 4445.
\c@Hy@tempcnt=\count297

(/usr/share/texlive/texmf-dist/tex/latex/url/url.sty
\Urlmuskip=\muskip16
Package: url 2013/09/16  ver 3.4  Verb mode for urls, etc.
)
LaTeX Info: Redefining \url on input line 4804.
\XeTeXLinkMargin=\dimen257

(/usr/share/texlive/texmf-dist/tex/generic/bitset/bitset.sty
Package: bitset 2019/12/09 v1.3 Handle bit-vector datatype (HO)

(/usr/share/texlive/texmf-dist/tex/generic/bigintcalc/bigintcalc.sty
Package: bigintcalc 2019/12/15 v1.5 Expandable calculations on big integers (HO
)
))
\Fld@menulength=\count298
\Field@Width=\dimen258
\Fld@charsize=\dimen259
Package hyperref Info: Hyper figures OFF on input line 6076.
Package hyperref Info: Link nesting OFF on input line 6081.
Package hyperref Info: Hyper index ON on input line 6084.
Package hyperref Info: backreferencing OFF on input line 6091.
Package hyperref Info: Link coloring OFF on input line 6096.
Package hyperref Info: Link coloring with OCG OFF on input line 6101.
Package hyperref Info: PDF/A mode OFF on input line 6106.
LaTeX Info: Redefining \ref on input line 6146.
LaTeX Info: Redefining \pageref on input line 6150.

(/usr/share/texlive/texmf-dist/tex/latex/base/atbegshi-ltx.sty
Package: atbegshi-ltx 2021/01/10 v1.0c Emulation of the original atbegshi
package with kernel methods
)
\Hy@abspage=\count299
\c@Item=\count300
\c@Hfootnote=\count301
)
Package hyperref Info: Driver (autodetected): hluatex.

(/usr/share/texlive/texmf-dist/tex/latex/hyperref/hluatex.def
File: hluatex.def 2021-06-07 v7.00m Hyperref driver for luaTeX

(/usr/share/texlive/texmf-dist/tex/generic/stringenc/stringenc.sty
Package: stringenc 2019/11/29 v1.12 Convert strings between diff. encodings (HO
)
)
(/usr/share/texlive/texmf-dist/tex/latex/base/atveryend-ltx.sty
Package: atveryend-ltx 2020/08/19 v1.0a Emulation of the original atveryend pac
kage
with kernel methods
)
\Fld@listcount=\count302
\c@bookmark@seq@number=\count303

(/usr/share/texlive/texmf-dist/tex/latex/rerunfilecheck/rerunfilecheck.sty
Package: rerunfilecheck 2019/12/05 v1.9 Rerun checks for auxiliary files (HO)

(/usr/share/texlive/texmf-dist/tex/generic/uniquecounter/uniquecounter.sty
Package: uniquecounter 2019/12/15 v1.4 Provide unlimited unique counter (HO)
)
Package uniquecounter Info: New unique counter `rerunfilecheck' on input line 2
86.
)
\Hy@SectionHShift=\skip52
)
(/usr/share/texlive/texmf-dist/tex/latex/tools/multicol.sty
Package: multicol 2021/10/28 v1.9b multicolumn formatting (FMi)
\c@tracingmulticols=\count304
\mult@box=\box66
\multicol@leftmargin=\dimen260
\c@unbalance=\count305
\c@collectmore=\count306
\doublecol@number=\count307
\multicoltolerance=\count308
\multicolpretolerance=\count309
\full@width=\dimen261
\page@free=\dimen262
\premulticols=\dimen263
\postmulticols=\dimen264
\multicolsep=\skip53
\multicolbaselineskip=\skip54
\partial@page=\box67
\last@line=\box68
\maxbalancingoverflow=\dimen265
\mult@rightbox=\box69
\mult@grightbox=\box70
\mult@firstbox=\box71
\mult@gfirstbox=\box72
\@tempa=\box73
\@tempa=\box74
\@tempa=\box75
\@tempa=\box76
\@tempa=\box77
\@tempa=\box78
\@tempa=\box79
\@tempa=\box80
\@tempa=\box81
\@tempa=\box82
\@tempa=\box83
\@tempa=\box84
\@tempa=\box85
\@tempa=\box86
\@tempa=\box87
\@tempa=\box88
\@tempa=\box89
\@tempa=\box90
\@tempa=\box91
\@tempa=\box92
\@tempa=\box93
\@tempa=\box94
\@tempa=\box95
\@tempa=\box96
\@tempa=\box97
\@tempa=\box98
\@tempa=\box99
\@tempa=\box100
\@tempa=\box101
\@tempa=\box102
\@tempa=\box103
\@tempa=\box104
\@tempa=\box105
\@tempa=\box106
\@tempa=\box107
\@tempa=\box108
\c@minrows=\count310
\c@columnbadness=\count311
\c@finalcolumnbadness=\count312
\last@try=\dimen266
\multicolovershoot=\dimen267
\multicolundershoot=\dimen268
\mult@nat@firstbox=\box109
\colbreak@box=\box110
\mc@col@check@num=\count313
)
(/usr/share/texlive/texmf-dist/tex/latex/caption/caption.sty
Package: caption 2020/10/26 v3.5g Customizing captions (AR)

(/usr/share/texlive/texmf-dist/tex/latex/caption/caption3.sty
Package: caption3 2020/10/21 v2.2e caption3 kernel (AR)
\captionmargin=\dimen269
\captionmargin@=\dimen270
\captionwidth=\dimen271
\caption@tempdima=\dimen272
\caption@indent=\dimen273
\caption@parindent=\dimen274
\caption@hangindent=\dimen275
Package caption Info: Standard document class detected.
)
\c@caption@flags=\count314
\c@continuedfloat=\count315
Package caption Info: hyperref package is loaded.
)
(/usr/share/texlive/texmf-dist/tex/latex/caption/subcaption.sty
Package: subcaption 2020/10/07 v1.3j Sub-captions (AR)
\c@subfigure=\count316
\c@subtable=\count317
)
(/usr/share/texlive/texmf-dist/tex/latex/a4wide/a4wide.sty
Package: a4wide 1994/08/30

(/usr/share/texlive/texmf-dist/tex/latex/ntgclass/a4.sty
Package: a4 2020/02/18 v1.2g A4 based page layout
))
(/usr/share/texlive/texmf-dist/tex/latex/makecell/makecell.sty
Package: makecell 2009/08/03 V0.1e Managing of Tab Column Heads and Cells
\rotheadsize=\dimen276
\c@nlinenum=\count318
\TeXr@lab=\toks38
)
(/usr/share/texlive/texmf-dist/tex/latex/pdfpages/pdfpages.sty
Package: pdfpages 2022/01/29 v0.5u Insert pages of external PDF documents (AM)

(/usr/share/texlive/texmf-dist/tex/latex/base/ifthen.sty
Package: ifthen 2020/11/24 v1.1c Standard LaTeX ifthen package (DPC)
)
(/usr/share/texlive/texmf-dist/tex/latex/tools/calc.sty
Package: calc 2017/05/25 v4.3 Infix arithmetic (KKT,FJ)
\calc@Acount=\count319
\calc@Bcount=\count320
\calc@Adimen=\dimen277
\calc@Bdimen=\dimen278
\calc@Askip=\skip55
\calc@Bskip=\skip56
LaTeX Info: Redefining \setlength on input line 80.
LaTeX Info: Redefining \addtolength on input line 81.
\calc@Ccount=\count321
\calc@Cskip=\skip57
)
(/usr/share/texlive/texmf-dist/tex/latex/eso-pic/eso-pic.sty
Package: eso-pic 2020/10/14 v3.0a eso-pic (RN)
\ESO@tempdima=\dimen279
\ESO@tempdimb=\dimen280
)
\AM@pagewidth=\dimen281
\AM@pageheight=\dimen282
\AM@fboxrule=\dimen283

(/usr/share/texlive/texmf-dist/tex/latex/pdfpages/ppluatex.def
File: ppluatex.def 2022/01/29 v0.5u Pdfpages driver for LuaTeX (AM)
)
\pdfpages@includegraphics@status=\count322
\AM@pagebox=\box111
\AM@global@opts=\toks39
\AM@pagecnt=\count323
\AM@toc@title=\toks40
\c@AM@survey=\count324
\AM@templatesizebox=\box112
)
luaotfload | cache : Lookup cache loaded from /home/abdellah/.texlive2021/texmf-
var/luatex-cache/generic/names/luaotfload-lookup-cache.luc.

Package fontspec Info: Font family 'SweetSansPro(0)' created for font 'Sweet
(fontspec)             Sans Pro' with options [Ligatures=TeX].
(fontspec)              
(fontspec)              This font family consists of the following NFSS
(fontspec)             series/shapes:
(fontspec)              
(fontspec)             - 'normal' (m/n) with NFSS spec.:
(fontspec)             <->"SweetSansPro:mode=node;script=latn;language=dflt;+tl
ig;"
(fontspec)             - 'small caps'  (m/sc) with NFSS spec.:
(fontspec)             <->"SweetSansPro:mode=node;script=latn;language=dflt;+tl
ig;+smcp;"
(fontspec)             - 'bold' (b/n) with NFSS spec.:
(fontspec)             <->"SweetSansPro/B:mode=node;script=latn;language=dflt;+
tlig;"
(fontspec)             - 'bold small caps'  (b/sc) with NFSS spec.:
(fontspec)             <->"SweetSansPro/B:mode=node;script=latn;language=dflt;+
tlig;+smcp;"
(fontspec)             - 'italic' (m/it) with NFSS spec.:
(fontspec)             <->"SweetSansPro/I:mode=node;script=latn;language=dflt;+
tlig;"
(fontspec)             - 'italic small caps'  (m/scit) with NFSS spec.:
(fontspec)             <->"SweetSansPro/I:mode=node;script=latn;language=dflt;+
tlig;+smcp;"
(fontspec)             - 'bold italic' (b/it) with NFSS spec.:
(fontspec)             <->"SweetSansPro/BI:mode=node;script=latn;language=dflt;
+tlig;"
(fontspec)             - 'bold italic small caps'  (b/scit) with NFSS spec.:
(fontspec)             <->"SweetSansPro/BI:mode=node;script=latn;language=dflt;
+tlig;+smcp;"

Package hyperref Info: Option `colorlinks' set `true' on input line 25.

(./HW-T4-50F_user_guide.aux)
\openout1 = HW-T4-50F_user_guide.aux

LaTeX Font Info:    Checking defaults for OML/cmm/m/it on input line 39.
LaTeX Font Info:    ... okay on input line 39.
LaTeX Font Info:    Checking defaults for OMS/cmsy/m/n on input line 39.
LaTeX Font Info:    ... okay on input line 39.
LaTeX Font Info:    Checking defaults for OT1/cmr/m/n on input line 39.
LaTeX Font Info:    ... okay on input line 39.
LaTeX Font Info:    Checking defaults for T1/cmr/m/n on input line 39.
LaTeX Font Info:    ... okay on input line 39.
LaTeX Font Info:    Checking defaults for TS1/cmr/m/n on input line 39.
LaTeX Font Info:    Trying to load font information for TS1+cmr on input line 3
9.

(/usr/share/texlive/texmf-dist/tex/latex/base/ts1cmr.fd
File: ts1cmr.fd 2019/12/16 v2.5j Standard LaTeX font definitions
)
LaTeX Font Info:    ... okay on input line 39.
LaTeX Font Info:    Checking defaults for TU/lmr/m/n on input line 39.
LaTeX Font Info:    ... okay on input line 39.
LaTeX Font Info:    Checking defaults for OMX/cmex/m/n on input line 39.
LaTeX Font Info:    ... okay on input line 39.
LaTeX Font Info:    Checking defaults for U/cmr/m/n on input line 39.
LaTeX Font Info:    ... okay on input line 39.
LaTeX Font Info:    Checking defaults for PD1/pdf/m/n on input line 39.
LaTeX Font Info:    ... okay on input line 39.
LaTeX Font Info:    Checking defaults for PU/pdf/m/n on input line 39.
LaTeX Font Info:    ... okay on input line 39.

(/usr/share/texlive/texmf-dist/tex/context/base/mkii/supp-pdf.mkii
[Loading MPS to PDF converter (version 2006.09.02).]
\scratchcounter=\count325
\scratchdimen=\dimen284
\scratchbox=\box113
\nofMPsegments=\count326
\nofMParguments=\count327
\everyMPshowfont=\toks41
\MPscratchCnt=\count328
\MPscratchDim=\dimen285
\MPnumerator=\count329
\makeMPintoPDFobject=\count330
\everyMPtoPDFconversion=\toks42
) (/usr/share/texlive/texmf-dist/tex/latex/epstopdf-pkg/epstopdf-base.sty
Package: epstopdf-base 2020-01-24 v2.11 Base part for package epstopdf
Package epstopdf-base Info: Redefining graphics rule for `.eps' on input line 4
85.

(/usr/share/texlive/texmf-dist/tex/latex/latexconfig/epstopdf-sys.cfg
File: epstopdf-sys.cfg 2010/07/13 v1.3 Configuration of (r)epstopdf for TeX Liv
e
))

Package fontspec Info: Adjusting the maths setup (use [no-math] to avoid
(fontspec)             this).

\symlegacymaths=\mathgroup4
LaTeX Font Info:    Overwriting symbol font `legacymaths' in version `bold'
(Font)                  OT1/cmr/m/n --> OT1/cmr/bx/n on input line 39.
LaTeX Font Info:    Redeclaring math accent \acute on input line 39.
LaTeX Font Info:    Redeclaring math accent \grave on input line 39.
LaTeX Font Info:    Redeclaring math accent \ddot on input line 39.
LaTeX Font Info:    Redeclaring math accent \tilde on input line 39.
LaTeX Font Info:    Redeclaring math accent \bar on input line 39.
LaTeX Font Info:    Redeclaring math accent \breve on input line 39.
LaTeX Font Info:    Redeclaring math accent \check on input line 39.
LaTeX Font Info:    Redeclaring math accent \hat on input line 39.
LaTeX Font Info:    Redeclaring math accent \dot on input line 39.
LaTeX Font Info:    Redeclaring math accent \mathring on input line 39.
LaTeX Font Info:    Redeclaring math symbol \colon on input line 39.
LaTeX Font Info:    Redeclaring math symbol \Gamma on input line 39.
LaTeX Font Info:    Redeclaring math symbol \Delta on input line 39.
LaTeX Font Info:    Redeclaring math symbol \Theta on input line 39.
LaTeX Font Info:    Redeclaring math symbol \Lambda on input line 39.
LaTeX Font Info:    Redeclaring math symbol \Xi on input line 39.
LaTeX Font Info:    Redeclaring math symbol \Pi on input line 39.
LaTeX Font Info:    Redeclaring math symbol \Sigma on input line 39.
LaTeX Font Info:    Redeclaring math symbol \Upsilon on input line 39.
LaTeX Font Info:    Redeclaring math symbol \Phi on input line 39.
LaTeX Font Info:    Redeclaring math symbol \Psi on input line 39.
LaTeX Font Info:    Redeclaring math symbol \Omega on input line 39.
LaTeX Font Info:    Redeclaring math symbol \mathdollar on input line 39.
LaTeX Font Info:    Redeclaring symbol font `operators' on input line 39.
LaTeX Font Info:    Encoding `OT1' has changed to `TU' for symbol font
(Font)              `operators' in the math version `normal' on input line 39.
LaTeX Font Info:    Overwriting symbol font `operators' in version `normal'
(Font)                  OT1/cmr/m/n --> TU/SweetSansPro(0)/m/n on input line 39
.
LaTeX Font Info:    Encoding `OT1' has changed to `TU' for symbol font
(Font)              `operators' in the math version `bold' on input line 39.
LaTeX Font Info:    Overwriting symbol font `operators' in version `bold'
(Font)                  OT1/cmr/bx/n --> TU/SweetSansPro(0)/m/n on input line 3
9.
LaTeX Font Info:    Overwriting symbol font `operators' in version `normal'
(Font)                  TU/SweetSansPro(0)/m/n --> TU/SweetSansPro(0)/m/n on in
put line 39.
LaTeX Font Info:    Overwriting math alphabet `\mathit' in version `normal'
(Font)                  OT1/cmr/m/it --> TU/SweetSansPro(0)/m/it on input line 
39.
LaTeX Font Info:    Overwriting math alphabet `\mathbf' in version `normal'
(Font)                  OT1/cmr/bx/n --> TU/SweetSansPro(0)/b/n on input line 3
9.
LaTeX Font Info:    Overwriting math alphabet `\mathsf' in version `normal'
(Font)                  OT1/cmss/m/n --> TU/lmss/m/n on input line 39.
LaTeX Font Info:    Overwriting math alphabet `\mathtt' in version `normal'
(Font)                  OT1/cmtt/m/n --> TU/lmtt/m/n on input line 39.
LaTeX Font Info:    Overwriting symbol font `operators' in version `bold'
(Font)                  TU/SweetSansPro(0)/m/n --> TU/SweetSansPro(0)/b/n on in
put line 39.
LaTeX Font Info:    Overwriting math alphabet `\mathit' in version `bold'
(Font)                  OT1/cmr/bx/it --> TU/SweetSansPro(0)/b/it on input line
 39.
LaTeX Font Info:    Overwriting math alphabet `\mathsf' in version `bold'
(Font)                  OT1/cmss/bx/n --> TU/lmss/b/n on input line 39.
LaTeX Font Info:    Overwriting math alphabet `\mathtt' in version `bold'
(Font)                  OT1/cmtt/m/n --> TU/lmtt/b/n on input line 39.
Package hyperref Info: Link coloring ON on input line 39.

(/usr/share/texlive/texmf-dist/tex/latex/hyperref/nameref.sty
Package: nameref 2021-04-02 v2.47 Cross-referencing by name of section

(/usr/share/texlive/texmf-dist/tex/latex/refcount/refcount.sty
Package: refcount 2019/12/15 v3.6 Data extraction from label references (HO)
)
(/usr/share/texlive/texmf-dist/tex/generic/gettitlestring/gettitlestring.sty
Package: gettitlestring 2019/12/15 v1.6 Cleanup title references (HO)
)
\c@section@level=\count331
)
LaTeX Info: Redefining \ref on input line 39.
LaTeX Info: Redefining \pageref on input line 39.
LaTeX Info: Redefining \nameref on input line 39.

(./HW-T4-50F_user_guide.out) (./HW-T4-50F_user_guide.out)
\@outlinefile=\write4

\openout4 = HW-T4-50F_user_guide.out
Package caption Info: Begin \AtBeginDocument code.
Package caption Info: End \AtBeginDocument code.

(/usr/share/texlive/texmf-dist/tex/latex/pdflscape/pdflscape.sty
Package: pdflscape 2019/12/05 v0.12 Display of landscape pages in PDF (HO)

(/usr/share/texlive/texmf-dist/tex/latex/graphics/lscape.sty
Package: lscape 2020/05/28 v3.02 Landscape Pages (DPC)
)
Package pdflscape Info: Auto-detected driver: pdftex on input line 81.
)
<frontpage.pdf, id=127, 597.432pt x 845.0772pt>
File: frontpage.pdf Graphic file (type pdf)
<use frontpage.pdf>
Package luatex.def Info: frontpage.pdf  used on input line 40.
(luatex.def)             Requested size: 597.43054pt x 845.07513pt.
File: frontpage.pdf Graphic file (type pdf)
<use frontpage.pdf>
Package luatex.def Info: frontpage.pdf  used on input line 40.
(luatex.def)             Requested size: 597.43054pt x 845.07513pt.
<frontpage.pdf, id=130, page=1, 597.432pt x 845.0772pt>
File: frontpage.pdf Graphic file (type pdf)
<use frontpage.pdf, page 1>
Package luatex.def Info: frontpage.pdf , page1 used on input line 40.
(luatex.def)             Requested size: 597.43054pt x 845.07513pt.
File: frontpage.pdf Graphic file (type pdf)
<use frontpage.pdf, page 1>
Package luatex.def Info: frontpage.pdf , page1 used on input line 40.
(luatex.def)             Requested size: 597.45789pt x 845.11382pt.
File: frontpage.pdf Graphic file (type pdf)
<use frontpage.pdf, page 1>
Package luatex.def Info: frontpage.pdf , page1 used on input line 40.
(luatex.def)             Requested size: 597.45789pt x 845.11382pt.
File: frontpage.pdf Graphic file (type pdf)
<use frontpage.pdf, page 1>
Package luatex.def Info: frontpage.pdf , page1 used on input line 40.
(luatex.def)             Requested size: 597.45789pt x 845.11382pt.
<page.png, id=131, 597.432pt x 845.0772pt>
File: page.png Graphic file (type png)
<use page.png>
Package luatex.def Info: page.png  used on input line 40.
(luatex.def)             Requested size: 597.55817pt x 845.04933pt.
File: frontpage.pdf Graphic file (type pdf)
<use frontpage.pdf, page 1>
Package luatex.def Info: frontpage.pdf , page1 used on input line 40.
(luatex.def)             Requested size: 597.45789pt x 845.11382pt.
 [1

<./page.png><./frontpage.pdf>] (./HW-T4-50F_user_guide.toc
LaTeX Font Info:    External font `cmex10' loaded for size
(Font)              <7> on input line 2.
LaTeX Font Info:    External font `cmex10' loaded for size
(Font)              <5> on input line 2.
)
\tf@toc=\write5

\openout5 = HW-T4-50F_user_guide.toc
File: page.png Graphic file (type png)
<use page.png>
Package luatex.def Info: page.png  used on input line 43.
(luatex.def)             Requested size: 597.55817pt x 845.04933pt.
 [2

{/var/lib/texmf/fonts/map/pdftex/updmap/pdftex.map}] (./HW-T4-50F_user_guide.lo
f
File: page.png Graphic file (type png)
<use page.png>
Package luatex.def Info: page.png  used on input line 45.
(luatex.def)             Requested size: 597.55817pt x 845.04933pt.
 [3

])
\tf@lof=\write6

\openout6 = HW-T4-50F_user_guide.lof
File: page.png Graphic file (type png)
<use page.png>
Package luatex.def Info: page.png  used on input line 45.
(luatex.def)             Requested size: 597.55817pt x 845.04933pt.
 [4]
Chapter 1.
File: page.png Graphic file (type png)
<use page.png>
Package luatex.def Info: page.png  used on input line 47.
(luatex.def)             Requested size: 597.55817pt x 845.04933pt.
[5

]
Underfull \hbox (badness 10000) in paragraph at lines 49--50

 []

<arm.png, id=346, 963.6pt x 542.025pt>
File: arm.png Graphic file (type png)
<use arm.png>
Package luatex.def Info: arm.png  used on input line 54.
(luatex.def)             Requested size: 360.9009pt x 203.00247pt.
File: page.png Graphic file (type png)
<use page.png>
Package luatex.def Info: page.png  used on input line 59.
(luatex.def)             Requested size: 597.55817pt x 845.04933pt.
[6<./arm.png>]
<mcam.jpg, id=353, 4015.0pt x 2258.4375pt>
File: mcam.jpg Graphic file (type jpg)
<use mcam.jpg>
Package luatex.def Info: mcam.jpg  used on input line 64.
(luatex.def)             Requested size: 318.43968pt x 179.09349pt.
<fcam.jpg, id=354, 4015.0pt x 2258.4375pt>
File: fcam.jpg Graphic file (type jpg)
<use fcam.jpg>
Package luatex.def Info: fcam.jpg  used on input line 72.
(luatex.def)             Requested size: 318.43968pt x 179.09349pt.
File: page.png Graphic file (type png)
<use page.png>
Package luatex.def Info: page.png  used on input line 76.
(luatex.def)             Requested size: 597.55817pt x 845.04933pt.
 [7<./mcam.jpg><./fcam.jpg>]
<hcam.jpg, id=361, 4015.0pt x 2258.4375pt>
File: hcam.jpg Graphic file (type jpg)
<use hcam.jpg>
Package luatex.def Info: hcam.jpg  used on input line 80.
(luatex.def)             Requested size: 360.9009pt x 202.97491pt.
File: page.png Graphic file (type png)
<use page.png>
Package luatex.def Info: page.png  used on input line 85.
(luatex.def)             Requested size: 597.55817pt x 845.04933pt.
 [8<./hcam.jpg>]
File: page.png Graphic file (type png)
<use page.png>
Package luatex.def Info: page.png  used on input line 97.
(luatex.def)             Requested size: 597.55817pt x 845.04933pt.
 [9]
<placement_head.jpg, id=370, 113.4639pt x 121.6545pt>
File: placement_head.jpg Graphic file (type jpg)
<use placement_head.jpg>
Package luatex.def Info: placement_head.jpg  used on input line 144.
(luatex.def)             Requested size: 191.0625pt x 204.87192pt.
File: page.png Graphic file (type png)
<use page.png>
Package luatex.def Info: page.png  used on input line 147.
(luatex.def)             Requested size: 597.55817pt x 845.04933pt.
 [10<./placement_head.jpg>]
Underfull \hbox (badness 10000) in alignment at lines 208--208
[][][][][]
 []

File: page.png Graphic file (type png)
<use page.png>
Package luatex.def Info: page.png  used on input line 211.
(luatex.def)             Requested size: 597.55817pt x 845.04933pt.
[11]
File: page.png Graphic file (type png)
<use page.png>
Package luatex.def Info: page.png  used on input line 262.
(luatex.def)             Requested size: 597.55817pt x 845.04933pt.
 [12]
Underfull \hbox (badness 10000) in paragraph at lines 310--311

 []

File: page.png Graphic file (type png)
<use page.png>
Package luatex.def Info: page.png  used on input line 311.
(luatex.def)             Requested size: 597.55817pt x 845.04933pt.
[13]
<reel_tape.jpg, id=396, 501.875pt x 327.2225pt>
File: reel_tape.jpg Graphic file (type jpg)
<use reel_tape.jpg>
Package luatex.def Info: reel_tape.jpg  used on input line 315.
(luatex.def)             Requested size: 360.9009pt x 235.3204pt.
File: page.png Graphic file (type png)
<use page.png>
Package luatex.def Info: page.png  used on input line 322.
(luatex.def)             Requested size: 597.55817pt x 845.04933pt.
 [14<./reel_tape.jpg>]
<face_panel.png, id=403, 816.04875pt x 549.55313pt>
File: face_panel.png Graphic file (type png)
<use face_panel.png>
Package luatex.def Info: face_panel.png  used on input line 333.
(luatex.def)             Requested size: 424.58624pt x 285.92859pt.
File: page.png Graphic file (type png)
<use page.png>
Package luatex.def Info: page.png  used on input line 336.
(luatex.def)             Requested size: 597.55817pt x 845.04933pt.
 [15<./face_panel.png>]
<hmi.png, id=408, 864.98157pt x 768.62157pt>
File: hmi.png Graphic file (type png)
<use hmi.png>
Package luatex.def Info: hmi.png  used on input line 341.
(luatex.def)             Requested size: 254.75433pt x 226.36609pt.
<computer.png, id=409, 442.65375pt x 709.90219pt>
File: computer.png Graphic file (type png)
<use computer.png>
Package luatex.def Info: computer.png  used on input line 346.
(luatex.def)             Requested size: 212.29312pt x 340.46754pt.

Overfull \hbox (2.36298pt too wide) in paragraph at lines 338--349
\TU/SweetSansPro(0)/m/n/10 Pow-er-ing the HW-T4-50F is a win-dows 7 com-puter, 
con-tain-ing the needed soft-ware, which
 []

File: page.png Graphic file (type png)
<use page.png>
Package luatex.def Info: page.png  used on input line 350.
(luatex.def)             Requested size: 597.55817pt x 845.04933pt.
[16<./hmi.png>]
<scrot1.png, id=414, 1015.54407pt x 811.53188pt>
File: scrot1.png Graphic file (type png)
<use scrot1.png>
Package luatex.def Info: scrot1.png  used on input line 355.
(luatex.def)             Requested size: 424.58624pt x 339.2932pt.
File: page.png Graphic file (type png)
<use page.png>
Package luatex.def Info: page.png  used on input line 358.
(luatex.def)             Requested size: 597.55817pt x 845.04933pt.
 [17<./computer.png>]
<scrot2.png, id=419, 928.46875pt x 551.05875pt>
File: scrot2.png Graphic file (type png)
<use scrot2.png>
Package luatex.def Info: scrot2.png  used on input line 363.
(luatex.def)             Requested size: 339.67029pt x 201.60143pt.
<scrot3.png, id=420, 734.745pt x 324.21124pt>
File: scrot3.png Graphic file (type png)
<use scrot3.png>
Package luatex.def Info: scrot3.png  used on input line 375.
(luatex.def)             Requested size: 339.67029pt x 149.88599pt.
File: page.png Graphic file (type png)
<use page.png>
Package luatex.def Info: page.png  used on input line 379.
(luatex.def)             Requested size: 597.55817pt x 845.04933pt.
 [18<./scrot1.png>]
Underfull \hbox (badness 10000) in paragraph at lines 381--382

 []

<scrot4_1.png, id=425, 562.35094pt x 598.48593pt>
File: scrot4_1.png Graphic file (type png)
<use scrot4_1.png>
Package luatex.def Info: scrot4_1.png  used on input line 385.
(luatex.def)             Requested size: 424.58624pt x 451.86781pt.
<scrot4_2.png, id=426, 566.115pt x 452.4403pt>
File: scrot4_2.png Graphic file (type png)
<use scrot4_2.png>
Package luatex.def Info: scrot4_2.png  used on input line 391.
(luatex.def)             Requested size: 424.58624pt x 339.3363pt.
File: page.png Graphic file (type png)
<use page.png>
Package luatex.def Info: page.png  used on input line 394.
(luatex.def)             Requested size: 597.55817pt x 845.04933pt.
[19<./scrot2.png><./scrot3.png>]
Underfull \hbox (badness 10000) in paragraph at lines 404--406

 []

File: page.png Graphic file (type png)
<use page.png>
Package luatex.def Info: page.png  used on input line 406.
(luatex.def)             Requested size: 597.55817pt x 845.04933pt.
[20<./scrot4_1.png>]
File: page.png Graphic file (type png)
<use page.png>
Package luatex.def Info: page.png  used on input line 406.
(luatex.def)             Requested size: 597.55817pt x 845.04933pt.
 [21<./scrot4_2.png>]
Underfull \hbox (badness 10000) in paragraph at lines 409--410

 []


Underfull \hbox (badness 10000) in paragraph at lines 411--412

 []


Underfull \hbox (badness 10000) in paragraph at lines 413--414

 []

<scrot5.png, id=441, 1011.78pt x 810.77907pt>
File: scrot5.png Graphic file (type png)
<use scrot5.png>
Package luatex.def Info: scrot5.png  used on input line 418.
(luatex.def)             Requested size: 424.58624pt x 340.24034pt.
File: page.png Graphic file (type png)
<use page.png>
Package luatex.def Info: page.png  used on input line 422.
(luatex.def)             Requested size: 597.55817pt x 845.04933pt.
[22<./scrot5.png>]
<scrot6.png, id=446, 1011.02719pt x 811.53188pt>
File: scrot6.png Graphic file (type png)
<use scrot6.png>
Package luatex.def Info: scrot6.png  used on input line 428.
(luatex.def)             Requested size: 424.58624pt x 340.80391pt.
File: page.png Graphic file (type png)
<use page.png>
Package luatex.def Info: page.png  used on input line 431.
(luatex.def)             Requested size: 597.55817pt x 845.04933pt.
 [23<./scrot6.png>]
Overfull \hbox (19.19283pt too wide) in paragraph at lines 432--433
[]\TU/SweetSansPro(0)/m/n/10 The last step is click-ing on the ”Gen-er-ate PCB
 Data” but-ton to cre-ate a ta-ble of traversable
 []


Underfull \hbox (badness 10000) in paragraph at lines 432--433

 []

<scrot7_1.png, id=451, 569.12625pt x 709.14937pt>
File: scrot7_1.png Graphic file (type png)
<use scrot7_1.png>
Package luatex.def Info: scrot7_1.png  used on input line 436.
(luatex.def)             Requested size: 424.58624pt x 529.06897pt.
File: page.png Graphic file (type png)
<use page.png>
Package luatex.def Info: page.png  used on input line 440.
(luatex.def)             Requested size: 597.55817pt x 845.04933pt.
[24<./scrot7_1.png>]
Underfull \hbox (badness 10000) in paragraph at lines 443--444

 []

<scrot7.png, id=459, 567.62062pt x 712.16063pt>
File: scrot7.png Graphic file (type png)
<use scrot7.png>
Package luatex.def Info: scrot7.png  used on input line 448.
(luatex.def)             Requested size: 382.12502pt x 479.44888pt.
File: page.png Graphic file (type png)
<use page.png>
Package luatex.def Info: page.png  used on input line 451.
(luatex.def)             Requested size: 597.55817pt x 845.04933pt.
[25<./scrot7.png>]
<scrot8.png, id=464, 565.36218pt x 693.34032pt>
File: scrot8.png Graphic file (type png)
<use scrot8.png>
Package luatex.def Info: scrot8.png  used on input line 456.
(luatex.def)             Requested size: 424.58624pt x 520.71278pt.
File: page.png Graphic file (type png)
<use page.png>
Package luatex.def Info: page.png  used on input line 459.
(luatex.def)             Requested size: 597.55817pt x 845.04933pt.
 [26<./scrot8.png>]
<scrot9.png, id=470, 567.62062pt x 786.68906pt>
File: scrot9.png Graphic file (type png)
<use scrot9.png>
Package luatex.def Info: scrot9.png  used on input line 465.
(luatex.def)             Requested size: 382.12502pt x 529.62376pt.
File: page.png Graphic file (type png)
<use page.png>
Package luatex.def Info: page.png  used on input line 469.
(luatex.def)             Requested size: 597.55817pt x 845.04933pt.
 [27<./scrot9.png>]
Underfull \hbox (badness 10000) in paragraph at lines 470--471

 []

<scrot10.png, id=475, 572.1375pt x 706.89093pt>
File: scrot10.png Graphic file (type png)
<use scrot10.png>
Package luatex.def Info: scrot10.png  used on input line 474.
(luatex.def)             Requested size: 424.58624pt x 524.5904pt.
File: page.png Graphic file (type png)
<use page.png>
Package luatex.def Info: page.png  used on input line 478.
(luatex.def)             Requested size: 597.55817pt x 845.04933pt.
[28<./scrot10.png>]
Underfull \hbox (badness 10000) in paragraph at lines 480--481

 []

<panel_mini_a4.png, id=480, 970.62625pt x 901.3675pt>
File: panel_mini_a4.png Graphic file (type png)
<use panel_mini_a4.png>
Package luatex.def Info: panel_mini_a4.png  used on input line 490.
(luatex.def)             Requested size: 424.58624pt x 394.29228pt.
File: page.png Graphic file (type png)
<use page.png>
Package luatex.def Info: page.png  used on input line 495.
(luatex.def)             Requested size: 597.55817pt x 845.04933pt.
[29<./panel_mini_a4.png>]
<panel_mini_a4_corners.png, id=486, 860.46469pt x 799.48688pt>
File: panel_mini_a4_corners.png Graphic file (type png)
<use panel_mini_a4_corners.png>
Package luatex.def Info: panel_mini_a4_corners.png  used on input line 498.
(luatex.def)             Requested size: 275.97845pt x 256.42659pt.
<panel_mini_a4_marks.png, id=487, 846.16125pt x 805.50937pt>
File: panel_mini_a4_marks.png Graphic file (type png)
<use panel_mini_a4_marks.png>
Package luatex.def Info: panel_mini_a4_marks.png  used on input line 503.
(luatex.def)             Requested size: 275.97845pt x 262.70927pt.
File: page.png Graphic file (type png)
<use page.png>
Package luatex.def Info: page.png  used on input line 506.
(luatex.def)             Requested size: 597.55817pt x 845.04933pt.
 [30<./panel_mini_a4_corners.png><./panel_mini_a4_marks.png>]
<scrot11.png, id=493, 527.72156pt x 170.13562pt>
File: scrot11.png Graphic file (type png)
<use scrot11.png>
Package luatex.def Info: scrot11.png  used on input line 510.
(luatex.def)             Requested size: 424.58624pt x 136.88489pt.

Underfull \hbox (badness 10000) in paragraph at lines 524--525

 []

File: page.png Graphic file (type png)
<use page.png>
Package luatex.def Info: page.png  used on input line 525.
(luatex.def)             Requested size: 597.55817pt x 845.04933pt.
[31<./scrot11.png>]
Underfull \hbox (badness 10000) in paragraph at lines 526--527

 []

<scrot14.png, id=499, 560.0925pt x 554.07pt>
File: scrot14.png Graphic file (type png)
<use scrot14.png>
Package luatex.def Info: scrot14.png  used on input line 530.
(luatex.def)             Requested size: 424.58624pt x 420.04077pt.
File: page.png Graphic file (type png)
<use page.png>
Package luatex.def Info: page.png  used on input line 542.
(luatex.def)             Requested size: 597.55817pt x 845.04933pt.
[32<./scrot14.png>]
Underfull \hbox (badness 10000) in paragraph at lines 545--546

 []


Underfull \hbox (badness 10000) in paragraph at lines 547--549

 []

<scrot16.png, id=505, 963.6pt x 770.12718pt>
File: scrot16.png Graphic file (type png)
<use scrot16.png>
Package luatex.def Info: scrot16.png  used on input line 552.
(luatex.def)             Requested size: 424.58624pt x 339.32704pt.
File: page.png Graphic file (type png)
<use page.png>
Package luatex.def Info: page.png  used on input line 555.
(luatex.def)             Requested size: 597.55817pt x 845.04933pt.
[33<./scrot16.png>]
<scrot17.png, id=512, 563.10374pt x 748.29562pt>
File: scrot17.png Graphic file (type png)
<use scrot17.png>
Package luatex.def Info: scrot17.png  used on input line 559.
(luatex.def)             Requested size: 318.43968pt x 423.16461pt.
File: page.png Graphic file (type png)
<use page.png>
Package luatex.def Info: page.png  used on input line 572.
(luatex.def)             Requested size: 597.55817pt x 845.04933pt.
 [34<./scrot17.png>]
<feeder.jpg, id=518, 4015.0pt x 2258.4375pt>
File: feeder.jpg Graphic file (type jpg)
<use feeder.jpg>
Package luatex.def Info: feeder.jpg  used on input line 578.
(luatex.def)             Requested size: 424.58624pt x 238.81429pt.
File: page.png Graphic file (type png)
<use page.png>
Package luatex.def Info: page.png  used on input line 581.
(luatex.def)             Requested size: 597.55817pt x 845.04933pt.
 [35<./feeder.jpg>]
<step1.jpg, id=523, 4015.0pt x 2258.4375pt>
File: step1.jpg Graphic file (type jpg)
<use step1.jpg>
Package luatex.def Info: step1.jpg  used on input line 598.
(luatex.def)             Requested size: 382.12502pt x 214.93286pt.
File: page.png Graphic file (type png)
<use page.png>
Package luatex.def Info: page.png  used on input line 601.
(luatex.def)             Requested size: 597.55817pt x 845.04933pt.
 [36<./step1.jpg>]
<step2.png, id=529, 1442.38875pt x 812.28468pt>
File: step2.png Graphic file (type png)
<use step2.png>
Package luatex.def Info: step2.png  used on input line 606.
(luatex.def)             Requested size: 382.12502pt x 215.19244pt.
<step3.png, id=530, 1444.64719pt x 810.02625pt>
File: step3.png Graphic file (type png)
<use step3.png>
Package luatex.def Info: step3.png  used on input line 613.
(luatex.def)             Requested size: 382.12502pt x 214.2604pt.
File: page.png Graphic file (type png)
<use page.png>
Package luatex.def Info: page.png  used on input line 616.
(luatex.def)             Requested size: 597.55817pt x 845.04933pt.

[37<./step2.png><./step3.png>]
<step4.png, id=537, 1444.64719pt x 813.0375pt>
File: step4.png Graphic file (type png)
<use step4.png>
Package luatex.def Info: step4.png  used on input line 620.
(luatex.def)             Requested size: 382.12502pt x 215.05692pt.
<step5.jpg, id=538, 4015.0pt x 2258.4375pt>
File: step5.jpg Graphic file (type jpg)
<use step5.jpg>
Package luatex.def Info: step5.jpg  used on input line 626.
(luatex.def)             Requested size: 382.12502pt x 214.93286pt.
File: page.png Graphic file (type png)
<use page.png>
Package luatex.def Info: page.png  used on input line 629.
(luatex.def)             Requested size: 597.55817pt x 845.04933pt.
 [38<./step4.png><./step5.jpg>]
<step6.png, id=545, 1442.38875pt x 812.28468pt>
File: step6.png Graphic file (type png)
<use step6.png>
Package luatex.def Info: step6.png  used on input line 634.
(luatex.def)             Requested size: 382.12502pt x 215.19244pt.
File: page.png Graphic file (type png)
<use page.png>
Package luatex.def Info: page.png  used on input line 637.
(luatex.def)             Requested size: 597.55817pt x 845.04933pt.
 [39<./step6.png>]
<step7.png, id=551, 1443.14156pt x 806.26219pt>
File: step7.png Graphic file (type png)
<use step7.png>
Package luatex.def Info: step7.png  used on input line 642.
(luatex.def)             Requested size: 424.58624pt x 237.20555pt.
<peeler.png, id=552, 1444.64719pt x 809.27344pt>
File: peeler.png Graphic file (type png)
<use peeler.png>
Package luatex.def Info: peeler.png  used on input line 647.
(luatex.def)             Requested size: 424.58624pt x 237.8445pt.
File: page.png Graphic file (type png)
<use page.png>
Package luatex.def Info: page.png  used on input line 650.
(luatex.def)             Requested size: 597.55817pt x 845.04933pt.
[40<./step7.png><./peeler.png>]
<alignment_pins.png, id=558, 1144.275pt x 370.38374pt>
File: alignment_pins.png Graphic file (type png)
<use alignment_pins.png>
Package luatex.def Info: alignment_pins.png  used on input line 655.
(luatex.def)             Requested size: 424.58624pt x 137.4298pt.
<alignment_holes.png, id=559, 1444.64719pt x 813.0375pt>
File: alignment_holes.png Graphic file (type png)
<use alignment_holes.png>
Package luatex.def Info: alignment_holes.png  used on input line 660.
(luatex.def)             Requested size: 424.58624pt x 238.95076pt.
File: page.png Graphic file (type png)
<use page.png>
Package luatex.def Info: page.png  used on input line 663.
(luatex.def)             Requested size: 597.55817pt x 845.04933pt.
 [41<./alignment_pins.png><./alignment_holes.png>]
<step9.png, id=566, 1118.67938pt x 708.39656pt>
File: step9.png Graphic file (type png)
<use step9.png>
Package luatex.def Info: step9.png  used on input line 668.
(luatex.def)             Requested size: 382.12502pt x 241.9758pt.
<step10.png, id=567, 1444.64719pt x 812.28468pt>
File: step10.png Graphic file (type png)
<use step10.png>
Package luatex.def Info: step10.png  used on input line 675.
(luatex.def)             Requested size: 382.12502pt x 214.85779pt.
File: page.png Graphic file (type png)
<use page.png>
Package luatex.def Info: page.png  used on input line 678.
(luatex.def)             Requested size: 597.55817pt x 845.04933pt.
 [42<./step9.png><./step10.png>]
<controls.png, id=574, 1439.3775pt x 811.53188pt>
File: controls.png Graphic file (type png)
<use controls.png>
Package luatex.def Info: controls.png  used on input line 682.
(luatex.def)             Requested size: 424.58624pt x 239.38744pt.
File: page.png Graphic file (type png)
<use page.png>
Package luatex.def Info: page.png  used on input line 695.
(luatex.def)             Requested size: 597.55817pt x 845.04933pt.
 [43<./controls.png>]
<scrot18.png, id=579, 961.34157pt x 770.12718pt>
File: scrot18.png Graphic file (type png)
<use scrot18.png>
Package luatex.def Info: scrot18.png  used on input line 707.
(luatex.def)             Requested size: 424.58624pt x 340.13788pt.
File: page.png Graphic file (type png)
<use page.png>
Package luatex.def Info: page.png  used on input line 711.
(luatex.def)             Requested size: 597.55817pt x 845.04933pt.
 [44<./scrot18.png>]
<scrot19.png, id=584, 963.6pt x 526.96875pt>
File: scrot19.png Graphic file (type png)
<use scrot19.png>
Package luatex.def Info: scrot19.png  used on input line 714.
(luatex.def)             Requested size: 339.67029pt x 185.75249pt.
<scrot20.png, id=585, 685.8122pt x 674.52pt>
File: scrot20.png Graphic file (type png)
<use scrot20.png>
Package luatex.def Info: scrot20.png  used on input line 720.
(luatex.def)             Requested size: 360.9009pt x 354.97227pt.
File: page.png Graphic file (type png)
<use page.png>
Package luatex.def Info: page.png  used on input line 724.
(luatex.def)             Requested size: 597.55817pt x 845.04933pt.

[45<./scrot19.png><./scrot20.png>]
<scrot21.png, id=591, 578.16pt x 811.53188pt>
File: scrot21.png Graphic file (type png)
<use scrot21.png>
Package luatex.def Info: scrot21.png  used on input line 730.
(luatex.def)             Requested size: 403.35562pt x 566.16147pt.
File: page.png Graphic file (type png)
<use page.png>
Package luatex.def Info: page.png  used on input line 733.
(luatex.def)             Requested size: 597.55817pt x 845.04933pt.
 [46<./scrot21.png>]
Underfull \hbox (badness 10000) in paragraph at lines 734--735

 []

File: page.png Graphic file (type png)
<use page.png>
Package luatex.def Info: page.png  used on input line 753.
(luatex.def)             Requested size: 597.55817pt x 845.04933pt.
[47]
Underfull \hbox (badness 10000) in paragraph at lines 755--757

 []

<scrot22.png, id=600, 416.30531pt x 414.79968pt>
File: scrot22.png Graphic file (type png)
<use scrot22.png>
Package luatex.def Info: scrot22.png  used on input line 760.
(luatex.def)             Requested size: 254.75433pt x 253.83127pt.

Underfull \hbox (badness 10000) in paragraph at lines 763--764

 []

<scrot23.png, id=601, 508.14844pt x 122.70844pt>
File: scrot23.png Graphic file (type png)
<use scrot23.png>
Package luatex.def Info: scrot23.png  used on input line 767.
(luatex.def)             Requested size: 424.58624pt x 102.53325pt.
File: page.png Graphic file (type png)
<use page.png>
Package luatex.def Info: page.png  used on input line 771.
(luatex.def)             Requested size: 597.55817pt x 845.04933pt.
[48<./scrot22.png><./scrot23.png>]
<scrot25.png, id=607, 548.0475pt x 155.07938pt>
File: scrot25.png Graphic file (type png)
<use scrot25.png>
Package luatex.def Info: scrot25.png  used on input line 776.
(luatex.def)             Requested size: 424.58624pt x 120.14503pt.
<scrot26.png, id=608, 451.6875pt x 447.92343pt>
File: scrot26.png Graphic file (type png)
<use scrot26.png>
Package luatex.def Info: scrot26.png  used on input line 789.
(luatex.def)             Requested size: 254.75433pt x 252.63295pt.
File: page.png Graphic file (type png)
<use page.png>
Package luatex.def Info: page.png  used on input line 792.
(luatex.def)             Requested size: 597.55817pt x 845.04933pt.
 [49<./scrot25.png><./scrot26.png>]
Underfull \hbox (badness 10000) in paragraph at lines 793--794

 []

<scrot27.png, id=614, 566.86781pt x 246.1697pt>
File: scrot27.png Graphic file (type png)
<use scrot27.png>
Package luatex.def Info: scrot27.png  used on input line 797.
(luatex.def)             Requested size: 424.58624pt x 184.3864pt.
<scrot28.png, id=615, 443.40656pt x 239.39438pt>
File: scrot28.png Graphic file (type png)
<use scrot28.png>
Package luatex.def Info: scrot28.png  used on input line 804.
(luatex.def)             Requested size: 424.58624pt x 229.24614pt.
File: page.png Graphic file (type png)
<use page.png>
Package luatex.def Info: page.png  used on input line 807.
(luatex.def)             Requested size: 597.55817pt x 845.04933pt.
[50<./scrot27.png><./scrot28.png>]
<scrot29.png, id=620, 449.42906pt x 551.05875pt>
File: scrot29.png Graphic file (type png)
<use scrot29.png>
Package luatex.def Info: scrot29.png  used on input line 810.
(luatex.def)             Requested size: 424.58624pt x 520.61873pt.
File: page.png Graphic file (type png)
<use page.png>
Package luatex.def Info: page.png  used on input line 814.
(luatex.def)             Requested size: 597.55817pt x 845.04933pt.
 [51<./scrot29.png>]
<scrot41.png, id=626, 541.27219pt x 459.96844pt>
File: scrot41.png Graphic file (type png)
<use scrot41.png>
Package luatex.def Info: scrot41.png  used on input line 819.
(luatex.def)             Requested size: 424.58624pt x 360.82335pt.
File: page.png Graphic file (type png)
<use page.png>
Package luatex.def Info: page.png  used on input line 822.
(luatex.def)             Requested size: 597.55817pt x 845.04933pt.
 [52<./scrot41.png>]
Underfull \hbox (badness 10000) in paragraph at lines 824--825

 []

<scrot30.png, id=631, 571.38469pt x 82.05656pt>
File: scrot30.png Graphic file (type png)
<use scrot30.png>
Package luatex.def Info: scrot30.png  used on input line 828.
(luatex.def)             Requested size: 424.58624pt x 60.97507pt.
<scrot31.png, id=632, 544.28343pt x 770.88pt>
File: scrot31.png Graphic file (type png)
<use scrot31.png>
Package luatex.def Info: scrot31.png  used on input line 834.
(luatex.def)             Requested size: 254.75433pt x 360.80803pt.
File: page.png Graphic file (type png)
<use page.png>
Package luatex.def Info: page.png  used on input line 837.
(luatex.def)             Requested size: 597.55817pt x 845.04933pt.
[53<./scrot30.png><./scrot31.png>]
<scrot32.png, id=637, 500.62032pt x 314.67563pt>
File: scrot32.png Graphic file (type png)
<use scrot32.png>
Package luatex.def Info: scrot32.png  used on input line 848.
(luatex.def)             Requested size: 339.67029pt x 213.51564pt.
File: page.png Graphic file (type png)
<use page.png>
Package luatex.def Info: page.png  used on input line 857.
(luatex.def)             Requested size: 597.55817pt x 845.04933pt.
 [54<./scrot32.png>]
<scrot33.png, id=642, 813.0375pt x 518.6878pt>
File: scrot33.png Graphic file (type png)
<use scrot33.png>
Package luatex.def Info: scrot33.png  used on input line 861.
(luatex.def)             Requested size: 339.67029pt x 216.69186pt.

Underfull \hbox (badness 10000) in paragraph at lines 858--865

 []

<scrot34.png, id=643, 511.15968pt x 207.77625pt>
File: scrot34.png Graphic file (type png)
<use scrot34.png>
Package luatex.def Info: scrot34.png  used on input line 869.
(luatex.def)             Requested size: 339.67029pt x 138.06801pt.
File: page.png Graphic file (type png)
<use page.png>
Package luatex.def Info: page.png  used on input line 872.
(luatex.def)             Requested size: 597.55817pt x 845.04933pt.
[55<./scrot33.png><./scrot34.png>]
Underfull \hbox (badness 1484) in paragraph at lines 895--895
[]|\TU/SweetSansPro(0)/m/n/10 Most likely a com-pres-sor pres-
 []


Underfull \hbox (badness 1783) in paragraph at lines 895--895
\TU/SweetSansPro(0)/m/n/10 sure is-sue, make sure the ma-
 []


Underfull \hbox (badness 4001) in paragraph at lines 895--895
[]|\TU/SweetSansPro(0)/m/n/10 Noz-zle Delta cal-i-bra-tion is-sue,
 []


Underfull \hbox (badness 2096) in paragraph at lines 895--895
\TU/SweetSansPro(0)/m/n/10 mark cam then switch back to
 []

File: page.png Graphic file (type png)
<use page.png>
Package luatex.def Info: page.png  used on input line 897.
(luatex.def)             Requested size: 597.55817pt x 845.04933pt.
[56]
<a4.jpg, id=653, 4015.0pt x 2258.4375pt>
File: a4.jpg Graphic file (type jpg)
<use a4.jpg>
Package luatex.def Info: a4.jpg  used on input line 906.
(luatex.def)             Requested size: 297.20906pt x 167.17pt.
<inkpot.jpg, id=654, 4015.0pt x 2258.4375pt>
File: inkpot.jpg Graphic file (type jpg)
<use inkpot.jpg>
Package luatex.def Info: inkpot.jpg  used on input line 914.
(luatex.def)             Requested size: 297.20906pt x 167.17pt.
File: page.png Graphic file (type png)
<use page.png>
Package luatex.def Info: page.png  used on input line 917.
(luatex.def)             Requested size: 597.55817pt x 845.04933pt.
 [57<./a4.jpg><./inkpot.jpg>]
<scrot35.png, id=662, 540.51938pt x 713.66624pt>
File: scrot35.png Graphic file (type png)
<use scrot35.png>
Package luatex.def Info: scrot35.png  used on input line 924.
(luatex.def)             Requested size: 339.67029pt x 448.49048pt.
File: page.png Graphic file (type png)
<use page.png>
Package luatex.def Info: page.png  used on input line 927.
(luatex.def)             Requested size: 597.55817pt x 845.04933pt.
 [58<./scrot35.png>]
<scrot36.png, id=668, 243.91125pt x 96.36pt>
File: scrot36.png Graphic file (type png)
<use scrot36.png>
Package luatex.def Info: scrot36.png  used on input line 932.
(luatex.def)             Requested size: 424.58624pt x 167.73999pt.
<circles.png, id=669, 1001.99344pt x 414.04688pt>
File: circles.png Graphic file (type png)
<use circles.png>
Package luatex.def Info: circles.png  used on input line 937.
(luatex.def)             Requested size: 424.58624pt x 175.45268pt.
File: page.png Graphic file (type png)
<use page.png>
Package luatex.def Info: page.png  used on input line 940.
(luatex.def)             Requested size: 597.55817pt x 845.04933pt.
 [59<./scrot36.png><./circles.png>]
Underfull \hbox (badness 10000) in paragraph at lines 942--944

 []

<scrot37.png, id=675, 963.6pt x 769.37437pt>
File: scrot37.png Graphic file (type png)
<use scrot37.png>
Package luatex.def Info: scrot37.png  used on input line 947.
(luatex.def)             Requested size: 424.58624pt x 338.99536pt.
File: page.png Graphic file (type png)
<use page.png>
Package luatex.def Info: page.png  used on input line 951.
(luatex.def)             Requested size: 597.55817pt x 845.04933pt.
[60<./scrot37.png>]
Underfull \hbox (badness 10000) in paragraph at lines 953--954

 []

<scrot39.png, id=681, 517.935pt x 539.01375pt>
File: scrot39.png Graphic file (type png)
<use scrot39.png>
Package luatex.def Info: scrot39.png  used on input line 957.
(luatex.def)             Requested size: 339.67029pt x 353.50482pt.
File: page.png Graphic file (type png)
<use page.png>
Package luatex.def Info: page.png  used on input line 960.
(luatex.def)             Requested size: 597.55817pt x 845.04933pt.
[61<./scrot39.png>]
Underfull \hbox (badness 10000) in paragraph at lines 961--964

 []

<scrot38.png, id=687, 521.69907pt x 212.29312pt>
File: scrot38.png Graphic file (type png)
<use scrot38.png>
Package luatex.def Info: scrot38.png  used on input line 967.
(luatex.def)             Requested size: 339.67029pt x 138.22212pt.

Underfull \hbox (badness 10000) in paragraph at lines 970--971

 []

<scrot40.png, id=688, 520.94624pt x 216.81pt>
File: scrot40.png Graphic file (type png)
<use scrot40.png>
Package luatex.def Info: scrot40.png  used on input line 974.
(luatex.def)             Requested size: 339.67029pt x 141.36482pt.
File: page.png Graphic file (type png)
<use page.png>
Package luatex.def Info: page.png  used on input line 978.
(luatex.def)             Requested size: 597.55817pt x 845.04933pt.
[62<./scrot38.png><./scrot40.png>] (./HW-T4-50F_user_guide.aux)
Package rerunfilecheck Info: File `HW-T4-50F_user_guide.out' has not changed.
(rerunfilecheck)             Checksum: E8CE3B0331CAAC062DD7D63A6B0F2FFE;5476.
)

Here is how much of LuaTeX's memory you used:
 26304 strings out of 477805
 100000,953878 words of node,token memory allocated
 480 words of node memory still in use:
   3 hlist, 1 vlist, 1 rule, 2 glue, 3 kern, 1 glyph, 7 attribute, 58 glue_spec,
 7 attribute_list, 3 write, 1 pdf_action nodes
   avail lists: 2:5307,3:686,4:820,5:1286,6:301,7:5476,8:90,9:3354,10:9,11:310
 45284 multiletter control sequences out of 65536+600000
 49 fonts using 4483679 bytes
 99i,18n,115p,480b,952s stack positions out of 5000i,500n,10000p,200000b,80000s
</usr/share/fonts/opentype/SweetSansProRegular.otf></usr/share/fonts/opentype/Sw
eetSansProBold.otf></usr/share/texlive/texmf-dist/fonts/type1/public/amsfonts/cm
/cmmi10.pfb></usr/share/texlive/texmf-dist/fonts/type1/public/amsfonts/cm/cmr10.
pfb></usr/share/texlive/texmf-dist/fonts/type1/public/amsfonts/cm/cmsy10.pfb>
Output written on HW-T4-50F_user_guide.pdf (62 pages, 57643824 bytes).

PDF statistics: 727 PDF objects out of 1000 (max. 8388607)
 563 compressed objects within 6 object streams
 192 named destinations out of 1000 (max. 131072)
 256 words of extra memory for PDF output out of 10000 (max. 100000000)

